<?xml version="1.0" encoding="UTF-8"?>
<testsuite xmlns:xsi="http://www.w3.org/2001/XMLSchema-instance" xsi:noNamespaceSchemaLocation="https://maven.apache.org/surefire/maven-surefire-plugin/xsd/surefire-test-report.xsd" name="mastermind.distributed.ResumeControllerProxyTest" time="0.05" tests="1" errors="0" skipped="0" failures="0">
  <properties>
    <property name="sun.desktop" value="windows"/>
    <property name="awt.toolkit" value="sun.awt.windows.WToolkit"/>
    <property name="java.specification.version" value="11"/>
    <property name="sun.cpu.isalist" value="amd64"/>
    <property name="sun.jnu.encoding" value="Cp1252"/>
    <property name="java.class.path" value="c:\Kiko\Master CloudApps 2019\03 - 4954 - Pruebas de software\Repo\4954-PruebasSoftware-Practica2-Dobles\target\test-classes;c:\Kiko\Master CloudApps 2019\03 - 4954 - Pruebas de software\Repo\4954-PruebasSoftware-Practica2-Dobles\target\classes;C:\Users\farbo\.m2\repository\junit\junit\4.13\junit-4.13.jar;C:\Users\farbo\.m2\repository\org\hamcrest\hamcrest-core\1.3\hamcrest-core-1.3.jar;C:\Users\farbo\.m2\repository\org\mockito\mockito-core\3.5.10\mockito-core-3.5.10.jar;C:\Users\farbo\.m2\repository\net\bytebuddy\byte-buddy\1.10.13\byte-buddy-1.10.13.jar;C:\Users\farbo\.m2\repository\net\bytebuddy\byte-buddy-agent\1.10.13\byte-buddy-agent-1.10.13.jar;C:\Users\farbo\.m2\repository\org\objenesis\objenesis\3.1\objenesis-3.1.jar;"/>
    <property name="java.vm.vendor" value="Oracle Corporation"/>
    <property name="sun.arch.data.model" value="64"/>
    <property name="user.variant" value=""/>
    <property name="java.vendor.url" value="https://openjdk.java.net/"/>
    <property name="user.timezone" value="Europe/Paris"/>
    <property name="user.country.format" value="ES"/>
    <property name="java.vm.specification.version" value="11"/>
    <property name="os.name" value="Windows 10"/>
    <property name="sun.java.launcher" value="SUN_STANDARD"/>
    <property name="user.country" value="US"/>
    <property name="sun.boot.library.path" value="C:\Program Files\Java\jdk-11.0.7\bin"/>
    <property name="sun.java.command" value="C:\Users\farbo\AppData\Local\Temp\surefire5490727793473834237\surefirebooter2292550818570998535.jar C:\Users\farbo\AppData\Local\Temp\surefire5490727793473834237 2020-09-13T15-51-20_437-jvmRun1 surefire3586489782599919552tmp surefire_01995773420038491348tmp"/>
    <property name="jdk.debug" value="release"/>
    <property name="surefire.test.class.path" value="c:\Kiko\Master CloudApps 2019\03 - 4954 - Pruebas de software\Repo\4954-PruebasSoftware-Practica2-Dobles\target\test-classes;c:\Kiko\Master CloudApps 2019\03 - 4954 - Pruebas de software\Repo\4954-PruebasSoftware-Practica2-Dobles\target\classes;C:\Users\farbo\.m2\repository\junit\junit\4.13\junit-4.13.jar;C:\Users\farbo\.m2\repository\org\hamcrest\hamcrest-core\1.3\hamcrest-core-1.3.jar;C:\Users\farbo\.m2\repository\org\mockito\mockito-core\3.5.10\mockito-core-3.5.10.jar;C:\Users\farbo\.m2\repository\net\bytebuddy\byte-buddy\1.10.13\byte-buddy-1.10.13.jar;C:\Users\farbo\.m2\repository\net\bytebuddy\byte-buddy-agent\1.10.13\byte-buddy-agent-1.10.13.jar;C:\Users\farbo\.m2\repository\org\objenesis\objenesis\3.1\objenesis-3.1.jar;"/>
    <property name="sun.cpu.endian" value="little"/>
    <property name="user.home" value="C:\Users\farbo"/>
    <property name="user.language" value="en"/>
    <property name="java.specification.vendor" value="Oracle Corporation"/>
    <property name="java.version.date" value="2020-04-14"/>
    <property name="java.home" value="C:\Program Files\Java\jdk-11.0.7"/>
    <property name="file.separator" value="\"/>
    <property name="basedir" value="c:\Kiko\Master CloudApps 2019\03 - 4954 - Pruebas de software\Repo\4954-PruebasSoftware-Practica2-Dobles"/>
    <property name="java.vm.compressedOopsMode" value="Zero based"/>
    <property name="line.separator" value="&#10;"/>
    <property name="java.specification.name" value="Java Platform API Specification"/>
    <property name="java.vm.specification.vendor" value="Oracle Corporation"/>
    <property name="java.awt.graphicsenv" value="sun.awt.Win32GraphicsEnvironment"/>
    <property name="surefire.real.class.path" value="C:\Users\farbo\AppData\Local\Temp\surefire5490727793473834237\surefirebooter2292550818570998535.jar"/>
    <property name="user.script" value=""/>
    <property name="sun.management.compiler" value="HotSpot 64-Bit Tiered Compilers"/>
    <property name="java.runtime.version" value="11.0.7+8-LTS"/>
    <property name="user.name" value="farbo"/>
    <property name="path.separator" value=";"/>
    <property name="os.version" value="10.0"/>
    <property name="java.runtime.name" value="Java(TM) SE Runtime Environment"/>
    <property name="file.encoding" value="Cp1252"/>
    <property name="java.vm.name" value="Java HotSpot(TM) 64-Bit Server VM"/>
    <property name="java.vendor.version" value="18.9"/>
    <property name="localRepository" value="C:\Users\farbo\.m2\repository"/>
    <property name="java.vendor.url.bug" value="https://bugreport.java.com/bugreport/"/>
    <property name="java.io.tmpdir" value="C:\Users\farbo\AppData\Local\Temp\"/>
    <property name="java.version" value="11.0.7"/>
    <property name="user.dir" value="c:\Kiko\Master CloudApps 2019\03 - 4954 - Pruebas de software\Repo\4954-PruebasSoftware-Practica2-Dobles"/>
    <property name="os.arch" value="amd64"/>
    <property name="java.vm.specification.name" value="Java Virtual Machine Specification"/>
    <property name="java.awt.printerjob" value="sun.awt.windows.WPrinterJob"/>
    <property name="user.language.format" value="es"/>
    <property name="sun.os.patch.level" value=""/>
    <property name="java.library.path" value="C:\Program Files\Java\jdk-11.0.7\bin;C:\WINDOWS\Sun\Java\bin;C:\WINDOWS\system32;C:\WINDOWS;C:\Program Files\Common Files\Oracle\Java\javapath;C:\Kiko\cmder\bin;C:\Kiko\cmder\vendor\conemu-maximus5\ConEmu\Scripts;C:\Kiko\cmder\vendor\conemu-maximus5;C:\Kiko\cmder\vendor\conemu-maximus5\ConEmu;C:\Program Files (x86)\Common Files\Oracle\Java\javapath;C:\Program Files (x86)\Microsoft SDKs\Azure\CLI2\wbin;C:\WINDOWS\system32;C:\WINDOWS;C:\WINDOWS\System32\Wbem;C:\WINDOWS\System32\WindowsPowerShell\v1.0\;C:\Program Files\dotnet\;C:\Program Files\Microsoft SQL Server\130\Tools\Binn\;C:\WINDOWS\System32\OpenSSH\;C:\Users\farbo\AppData\Roaming\nvm;C:\Program Files\nodejs;C:\Program Files\Microsoft VS Code\bin;C:\Program Files\Microsoft SQL Server\Client SDK\ODBC\170\Tools\Binn\;C:\Program Files (x86)\Microsoft SQL Server\150\DTS\Binn\;C:\TerraForm\;C:\Program Files\Intel\WiFi\bin\;C:\Program Files\Common Files\Intel\WirelessCommon\;C:\Program Files\nodejs\;C:\Java\apache-maven-3.6.2\bin;C:\ProgramData\chocolatey\bin;C:\Program Files\MongoDB\Server\4.2\bin;C:\Program Files\Amazon\AWSCLI\;C:\Program Files\OpenSSL-Win64\bin;c:\Program;C:\tmp\helm\v3.1.2;C:\WINDOWS\system32;C:\WINDOWS;C:\WINDOWS\System32\Wbem;C:\WINDOWS\System32\WindowsPowerShell\v1.0\;C:\WINDOWS\System32\OpenSSH\;C:\Program Files\Amazon\AWSSAMCLI\bin\;C:\tmp\ngrok;C:\Program Files\Docker\Docker\resources\bin;C:\ProgramData\DockerDesktop\version-bin;C:\Program Files\Git\cmd;C:\Ruby26-x64\bin;C:\Ruby27-x64\bin;C:\Users\farbo\AppData\Local\Programs\AdoptOpenJDK\bin;C:\Users\farbo\AppData\Local\Microsoft\WindowsApps;C:\Program Files\Microsoft VS Code\bin;C:\Users\farbo\AppData\Roaming\nvm;C:\Program Files\nodejs;C:\Users\farbo\.dotnet\tools;C:\Users\farbo\AppData\Local\GitHubDesktop\bin;C:\Users\farbo\AppData\Roaming\npm;C:\Java\apache-maven-3.6.2\bin;C:\Program Files\MongoDB;C:\Users\farbo\AppData\Roaming\Quest Software\vWorkspace Client\;C:\Users\farbo\AppData\Local\Pandoc\;C:\Program Files\Multipass\bin;C:\Users\farbo\AppData\Local\Microsoft\WindowsApps;;."/>
    <property name="java.vendor" value="Oracle Corporation"/>
    <property name="java.vm.info" value="mixed mode"/>
    <property name="java.vm.version" value="11.0.7+8-LTS"/>
    <property name="sun.io.unicode.encoding" value="UnicodeLittle"/>
    <property name="java.class.version" value="55.0"/>
  </properties>
  <testcase name="givenResumeControllerProxyWhenResumeTheInitialState" classname="mastermind.distributed.ResumeControllerProxyTest" time="0"/>
</testsuite>